<?xml version="1.0" encoding="UTF-8"?>
<!-- Generated by org.testng.reporters.JUnitReportReporter -->
<testsuite hostname="LAPTOP-9IP5C9V6" failures="0" tests="4" name="khanacademy.method" time="0.008" errors="0" timestamp="2022-12-17T19:07:56 IST" skipped="0">
  <testcase classname="khanacademy.method" name="test1" time="0.003"/>
  <system-out/>
  <testcase classname="khanacademy.method" name="test2" time="0.002"/>
  <system-out/>
  <testcase classname="khanacademy.method" name="test3" time="0.001"/>
  <system-out/>
  <testcase classname="khanacademy.method" name="test4" time="0.002"/>
  <system-out/>
</testsuite> <!-- khanacademy.method -->
