<?xml version="1.0" encoding="UTF-8"?>
<!-- Generated by org.testng.reporters.JUnitReportReporter -->
<testsuite hostname="LAPTOP-9IP5C9V6" failures="0" tests="2" name="testkhan.testhome" time="9.011" errors="0" timestamp="2023-01-03T14:44:09 IST" skipped="0">
  <testcase classname="testkhan.testhome" name="test1" time="5.566"/>
  <system-out/>
  <testcase classname="testkhan.testhome" name="test2" time="3.445"/>
  <system-out/>
</testsuite> <!-- testkhan.testhome -->
