<?xml version="1.0" encoding="UTF-8"?>
<!-- Generated by org.testng.reporters.JUnitReportReporter -->
<testsuite hostname="LAPTOP-9IP5C9V6" failures="0" tests="1" name="beforeclass.method" time="0.007" errors="0" timestamp="2022-11-08T19:12:12 IST" skipped="0">
  <testcase classname="beforeclass.method" name="test1" time="0.007"/>
  <system-out/>
</testsuite> <!-- beforeclass.method -->
